Build started 04/06/2015 17:32:03.
     1>Project "C:\Users\Jose\Desktop\P5G02\P5G02\P5G02.vcxproj" on node 2 (Build target(s)).
     1>ClCompile:
         C:\Program Files (x86)\Microsoft Visual Studio 11.0\VC\bin\CL.exe /c /ZI /nologo /W3 /WX- /Od /Oy- /D _MBCS /Gm /EHsc /RTC1 /MDd /GS /fp:precise /Zc:wchar_t /Zc:forScope /Fo"Debug\\" /Fd"Debug\vc110.pdb" /Gd /TP /analyze- /errorReport:prompt Gestor.cpp ListaUsuarios.cpp Principal.cpp
         Gestor.cpp
         Generando código...
         Compilando...
         Principal.cpp
         ListaUsuarios.cpp
         Generando código...
       Link:
         C:\Program Files (x86)\Microsoft Visual Studio 11.0\VC\bin\link.exe /ERRORREPORT:PROMPT /OUT:"C:\Users\Jose\Desktop\P5G02\Debug\P5G02.exe" /INCREMENTAL /NOLOGO kernel32.lib user32.lib gdi32.lib winspool.lib comdlg32.lib advapi32.lib shell32.lib ole32.lib oleaut32.lib uuid.lib odbc32.lib odbccp32.lib /MANIFEST /MANIFESTUAC:"level='asInvoker' uiAccess='false'" /manifest:embed /DEBUG /PDB:"C:\Users\Jose\Desktop\P5G02\Debug\P5G02.pdb" /TLBID:1 /DYNAMICBASE /NXCOMPAT /IMPLIB:"C:\Users\Jose\Desktop\P5G02\Debug\P5G02.lib" /MACHINE:X86 Debug\Correo.obj
         Debug\Gestor.obj
         Debug\ListaCorreos.obj
         Debug\ListaRegistros.obj
         Debug\ListaUsuarios.obj
         Debug\Principal.obj
         Debug\Usuario.obj
         P5G02.vcxproj -> C:\Users\Jose\Desktop\P5G02\Debug\P5G02.exe
     1>Done Building Project "C:\Users\Jose\Desktop\P5G02\P5G02\P5G02.vcxproj" (Build target(s)).

Build succeeded.

Time Elapsed 00:00:03.77
